<?xml version="1.0" encoding="UTF-8"?>
<!-- Generated by org.testng.reporters.JUnitReportReporter -->
<testsuite hostname="ABHISHEKs-MacBook-Air.local" failures="0" tests="1" name="com.herokuapp.katalondemocura.AutomatedTests" time="27.732" errors="0" timestamp="24 Mar 2020 23:10:51 GMT" skipped="0">
  <testcase classname="com.herokuapp.katalondemocura.AutomatedTests" name="loginTest" time="27.732"/>
</testsuite> <!-- com.herokuapp.katalondemocura.AutomatedTests -->
